# JRE version: Java(TM) SE Runtime Environment (8.0_74-b02) (build 1.8.0_74-b02)
# Java VM: Java HotSpot(TM) 64-Bit Server VM (25.74-b02 mixed mode windows-amd64 compressed oops)
Heap:
 PSYoungGen      total 126464K, used 19533K [0x00000000eab00000, 0x00000000f6b80000, 0x0000000100000000)
  eden space 109056K, 1% used [0x00000000eab00000,0x00000000ead16ca8,0x00000000f1580000)
  from space 17408K, 99% used [0x00000000f1580000,0x00000000f267c8d8,0x00000000f2680000)
  to   space 31232K, 0% used [0x00000000f4d00000,0x00000000f4d00000,0x00000000f6b80000)
 ParOldGen       total 103424K, used 54667K [0x00000000c0000000, 0x00000000c6500000, 0x00000000eab00000)
  object space 103424K, 52% used [0x00000000c0000000,0x00000000c3562e68,0x00000000c6500000)
 Metaspace       used 52539K, capacity 53616K, committed 53760K, reserved 1095680K
  class space    used 7109K, capacity 7422K, committed 7424K, reserved 1048576K
GC Heap History (10 events):
Event: 14.717 GC heap before
{Heap before GC invocations=11 (full 2):
 PSYoungGen      total 81408K, used 10726K [0x00000000eab00000, 0x00000000f2000000, 0x0000000100000000)
  eden space 70656K, 0% used [0x00000000eab00000,0x00000000eab00000,0x00000000ef000000)
  from space 10752K, 99% used [0x00000000ef000000,0x00000000efa79aa8,0x00000000efa80000)
  to   space 13312K, 0% used [0x00000000f1300000,0x00000000f1300000,0x00000000f2000000)
 ParOldGen       total 68096K, used 13888K [0x00000000c0000000, 0x00000000c4280000, 0x00000000eab00000)
  object space 68096K, 20% used [0x00000000c0000000,0x00000000c0d90328,0x00000000c4280000)
 Metaspace       used 34709K, capacity 35344K, committed 35456K, reserved 1079296K
  class space    used 4716K, capacity 4900K, committed 4992K, reserved 1048576K
Event: 14.845 GC heap after
Heap after GC invocations=11 (full 2):
 PSYoungGen      total 81408K, used 0K [0x00000000eab00000, 0x00000000f2000000, 0x0000000100000000)
  eden space 70656K, 0% used [0x00000000eab00000,0x00000000eab00000,0x00000000ef000000)
  from space 10752K, 0% used [0x00000000ef000000,0x00000000ef000000,0x00000000efa80000)
  to   space 13312K, 0% used [0x00000000f1300000,0x00000000f1300000,0x00000000f2000000)
 ParOldGen       total 103424K, used 21322K [0x00000000c0000000, 0x00000000c6500000, 0x00000000eab00000)
  object space 103424K, 20% used [0x00000000c0000000,0x00000000c14d2938,0x00000000c6500000)
 Metaspace       used 34709K, capacity 35344K, committed 35456K, reserved 1079296K
  class space    used 4716K, capacity 4900K, committed 4992K, reserved 1048576K
}
Event: 17.828 GC heap before
{Heap before GC invocations=12 (full 2):
 PSYoungGen      total 81408K, used 70656K [0x00000000eab00000, 0x00000000f2000000, 0x0000000100000000)
  eden space 70656K, 100% used [0x00000000eab00000,0x00000000ef000000,0x00000000ef000000)
  from space 10752K, 0% used [0x00000000ef000000,0x00000000ef000000,0x00000000efa80000)
  to   space 13312K, 0% used [0x00000000f1300000,0x00000000f1300000,0x00000000f2000000)
 ParOldGen       total 103424K, used 21322K [0x00000000c0000000, 0x00000000c6500000, 0x00000000eab00000)
  object space 103424K, 20% used [0x00000000c0000000,0x00000000c14d2938,0x00000000c6500000)
 Metaspace       used 39481K, capacity 40176K, committed 40448K, reserved 1083392K
  class space    used 5351K, capacity 5540K, committed 5632K, reserved 1048576K
Event: 17.834 GC heap after
Heap after GC invocations=12 (full 2):
 PSYoungGen      total 98304K, used 6034K [0x00000000eab00000, 0x00000000f1b80000, 0x0000000100000000)
  eden space 89600K, 0% used [0x00000000eab00000,0x00000000eab00000,0x00000000f0280000)
  from space 8704K, 69% used [0x00000000f1300000,0x00000000f18e4ba0,0x00000000f1b80000)
  to   space 12800K, 0% used [0x00000000f0280000,0x00000000f0280000,0x00000000f0f00000)
 ParOldGen       total 103424K, used 21330K [0x00000000c0000000, 0x00000000c6500000, 0x00000000eab00000)
  object space 103424K, 20% used [0x00000000c0000000,0x00000000c14d4938,0x00000000c6500000)
 Metaspace       used 39481K, capacity 40176K, committed 40448K, reserved 1083392K
  class space    used 5351K, capacity 5540K, committed 5632K, reserved 1048576K
}
Event: 19.760 GC heap before
{Heap before GC invocations=13 (full 2):
 PSYoungGen      total 98304K, used 95634K [0x00000000eab00000, 0x00000000f1b80000, 0x0000000100000000)
  eden space 89600K, 100% used [0x00000000eab00000,0x00000000f0280000,0x00000000f0280000)
  from space 8704K, 69% used [0x00000000f1300000,0x00000000f18e4ba0,0x00000000f1b80000)
  to   space 12800K, 0% used [0x00000000f0280000,0x00000000f0280000,0x00000000f0f00000)
 ParOldGen       total 103424K, used 21330K [0x00000000c0000000, 0x00000000c6500000, 0x00000000eab00000)
  object space 103424K, 20% used [0x00000000c0000000,0x00000000c14d4938,0x00000000c6500000)
 Metaspace       used 43314K, capacity 44178K, committed 44416K, reserved 1087488K
  class space    used 5992K, capacity 6201K, committed 6272K, reserved 1048576K
Event: 19.773 GC heap after
Heap after GC invocations=13 (full 2):
 PSYoungGen      total 102400K, used 12782K [0x00000000eab00000, 0x00000000f3680000, 0x0000000100000000)
  eden space 89600K, 0% used [0x00000000eab00000,0x00000000eab00000,0x00000000f0280000)
  from space 12800K, 99% used [0x00000000f0280000,0x00000000f0efbb28,0x00000000f0f00000)
  to   space 15360K, 0% used [0x00000000f2780000,0x00000000f2780000,0x00000000f3680000)
 ParOldGen       total 103424K, used 23703K [0x00000000c0000000, 0x00000000c6500000, 0x00000000eab00000)
  object space 103424K, 22% used [0x00000000c0000000,0x00000000c1725c30,0x00000000c6500000)
 Metaspace       used 43314K, capacity 44178K, committed 44416K, reserved 1087488K
  class space    used 5992K, capacity 6201K, committed 6272K, reserved 1048576K
}
Event: 34.935 GC heap before
{Heap before GC invocations=14 (full 2):
 PSYoungGen      total 102400K, used 102382K [0x00000000eab00000, 0x00000000f3680000, 0x0000000100000000)
  eden space 89600K, 100% used [0x00000000eab00000,0x00000000f0280000,0x00000000f0280000)
  from space 12800K, 99% used [0x00000000f0280000,0x00000000f0efbb28,0x00000000f0f00000)
  to   space 15360K, 0% used [0x00000000f2780000,0x00000000f2780000,0x00000000f3680000)
 ParOldGen       total 103424K, used 23703K [0x00000000c0000000, 0x00000000c6500000, 0x00000000eab00000)
  object space 103424K, 22% used [0x00000000c0000000,0x00000000c1725c30,0x00000000c6500000)
 Metaspace       used 46916K, capacity 47840K, committed 48000K, reserved 1091584K
  class space    used 6445K, capacity 6706K, committed 6784K, reserved 1048576K
Event: 34.955 GC heap after
Heap after GC invocations=14 (full 2):
 PSYoungGen      total 124416K, used 15357K [0x00000000eab00000, 0x00000000f3780000, 0x0000000100000000)
  eden space 109056K, 0% used [0x00000000eab00000,0x00000000eab00000,0x00000000f1580000)
  from space 15360K, 99% used [0x00000000f2780000,0x00000000f367f5d0,0x00000000f3680000)
  to   space 17408K, 0% used [0x00000000f1580000,0x00000000f1580000,0x00000000f2680000)
 ParOldGen       total 103424K, used 24727K [0x00000000c0000000, 0x00000000c6500000, 0x00000000eab00000)
  object space 103424K, 23% used [0x00000000c0000000,0x00000000c1825f18,0x00000000c6500000)
 Metaspace       used 46916K, capacity 47840K, committed 48000K, reserved 1091584K
  class space    used 6445K, capacity 6706K, committed 6784K, reserved 1048576K
}
Event: 39.124 GC heap before
{Heap before GC invocations=15 (full 2):
 PSYoungGen      total 124416K, used 124413K [0x00000000eab00000, 0x00000000f3780000, 0x0000000100000000)
  eden space 109056K, 100% used [0x00000000eab00000,0x00000000f1580000,0x00000000f1580000)
  from space 15360K, 99% used [0x00000000f2780000,0x00000000f367f5d0,0x00000000f3680000)
  to   space 17408K, 0% used [0x00000000f1580000,0x00000000f1580000,0x00000000f2680000)
 ParOldGen       total 103424K, used 24727K [0x00000000c0000000, 0x00000000c6500000, 0x00000000eab00000)
  object space 103424K, 23% used [0x00000000c0000000,0x00000000c1825f18,0x00000000c6500000)
 Metaspace       used 52512K, capacity 53552K, committed 53760K, reserved 1095680K
  class space    used 7109K, capacity 7422K, committed 7424K, reserved 1048576K
Event: 39.176 GC heap after
Heap after GC invocations=15 (full 2):
 PSYoungGen      total 126464K, used 17394K [0x00000000eab00000, 0x00000000f6b80000, 0x0000000100000000)
  eden space 109056K, 0% used [0x00000000eab00000,0x00000000eab00000,0x00000000f1580000)
  from space 17408K, 99% used [0x00000000f1580000,0x00000000f267c8d8,0x00000000f2680000)
  to   space 31232K, 0% used [0x00000000f4d00000,0x00000000f4d00000,0x00000000f6b80000)
 ParOldGen       total 103424K, used 54667K [0x00000000c0000000, 0x00000000c6500000, 0x00000000eab00000)
  object space 103424K, 52% used [0x00000000c0000000,0x00000000c3562e68,0x00000000c6500000)
 Metaspace       used 52512K, capacity 53552K, committed 53760K, reserved 1095680K
  class space    used 7109K, capacity 7422K, committed 7424K, reserved 1048576K
}

