# JRE version: Java(TM) SE Runtime Environment (8.0_74-b02) (build 1.8.0_74-b02)
# Java VM: Java HotSpot(TM) 64-Bit Server VM (25.74-b02 mixed mode windows-amd64 compressed oops)
Heap:
 PSYoungGen      total 128000K, used 94837K [0x00000000eab00000, 0x00000000f8a80000, 0x0000000100000000)
  eden space 117760K, 80% used [0x00000000eab00000,0x00000000f079d5e0,0x00000000f1e00000)
  from space 10240K, 0% used [0x00000000f1e00000,0x00000000f1e00000,0x00000000f2800000)
  to   space 13312K, 0% used [0x00000000f7d80000,0x00000000f7d80000,0x00000000f8a80000)
 ParOldGen       total 79360K, used 21889K [0x00000000c0000000, 0x00000000c4d80000, 0x00000000eab00000)
  object space 79360K, 27% used [0x00000000c0000000,0x00000000c15606b8,0x00000000c4d80000)
 Metaspace       used 40086K, capacity 40864K, committed 41088K, reserved 1085440K
  class space    used 5475K, capacity 5660K, committed 5760K, reserved 1048576K
GC Heap History (10 events):
Event: 4.561 GC heap before
{Heap before GC invocations=5 (full 1):
 PSYoungGen      total 71680K, used 5112K [0x00000000eab00000, 0x00000000ef600000, 0x0000000100000000)
  eden space 66560K, 0% used [0x00000000eab00000,0x00000000eab00000,0x00000000eec00000)
  from space 5120K, 99% used [0x00000000ef100000,0x00000000ef5fe040,0x00000000ef600000)
  to   space 5120K, 0% used [0x00000000eec00000,0x00000000eec00000,0x00000000ef100000)
 ParOldGen       total 87552K, used 9664K [0x00000000c0000000, 0x00000000c5580000, 0x00000000eab00000)
  object space 87552K, 11% used [0x00000000c0000000,0x00000000c09700e0,0x00000000c5580000)
 Metaspace       used 20914K, capacity 21244K, committed 21296K, reserved 1067008K
  class space    used 2814K, capacity 2918K, committed 2944K, reserved 1048576K
Event: 4.606 GC heap after
Heap after GC invocations=5 (full 1):
 PSYoungGen      total 71680K, used 0K [0x00000000eab00000, 0x00000000ef600000, 0x0000000100000000)
  eden space 66560K, 0% used [0x00000000eab00000,0x00000000eab00000,0x00000000eec00000)
  from space 5120K, 0% used [0x00000000ef100000,0x00000000ef100000,0x00000000ef600000)
  to   space 5120K, 0% used [0x00000000eec00000,0x00000000eec00000,0x00000000ef100000)
 ParOldGen       total 54272K, used 9646K [0x00000000c0000000, 0x00000000c3500000, 0x00000000eab00000)
  object space 54272K, 17% used [0x00000000c0000000,0x00000000c096baf8,0x00000000c3500000)
 Metaspace       used 20914K, capacity 21244K, committed 21296K, reserved 1067008K
  class space    used 2814K, capacity 2918K, committed 2944K, reserved 1048576K
}
Event: 7.009 GC heap before
{Heap before GC invocations=6 (full 1):
 PSYoungGen      total 71680K, used 66560K [0x00000000eab00000, 0x00000000ef600000, 0x0000000100000000)
  eden space 66560K, 100% used [0x00000000eab00000,0x00000000eec00000,0x00000000eec00000)
  from space 5120K, 0% used [0x00000000ef100000,0x00000000ef100000,0x00000000ef600000)
  to   space 5120K, 0% used [0x00000000eec00000,0x00000000eec00000,0x00000000ef100000)
 ParOldGen       total 54272K, used 9646K [0x00000000c0000000, 0x00000000c3500000, 0x00000000eab00000)
  object space 54272K, 17% used [0x00000000c0000000,0x00000000c096baf8,0x00000000c3500000)
 Metaspace       used 26635K, capacity 27120K, committed 27392K, reserved 1073152K
  class space    used 3629K, capacity 3740K, committed 3840K, reserved 1048576K
Event: 7.031 GC heap after
Heap after GC invocations=6 (full 1):
 PSYoungGen      total 71680K, used 5103K [0x00000000eab00000, 0x00000000f3580000, 0x0000000100000000)
  eden space 66560K, 0% used [0x00000000eab00000,0x00000000eab00000,0x00000000eec00000)
  from space 5120K, 99% used [0x00000000eec00000,0x00000000ef0fbdf0,0x00000000ef100000)
  to   space 10752K, 0% used [0x00000000f2b00000,0x00000000f2b00000,0x00000000f3580000)
 ParOldGen       total 54272K, used 10956K [0x00000000c0000000, 0x00000000c3500000, 0x00000000eab00000)
  object space 54272K, 20% used [0x00000000c0000000,0x00000000c0ab32c8,0x00000000c3500000)
 Metaspace       used 26635K, capacity 27120K, committed 27392K, reserved 1073152K
  class space    used 3629K, capacity 3740K, committed 3840K, reserved 1048576K
}
Event: 11.590 GC heap before
{Heap before GC invocations=7 (full 1):
 PSYoungGen      total 71680K, used 71663K [0x00000000eab00000, 0x00000000f3580000, 0x0000000100000000)
  eden space 66560K, 100% used [0x00000000eab00000,0x00000000eec00000,0x00000000eec00000)
  from space 5120K, 99% used [0x00000000eec00000,0x00000000ef0fbdf0,0x00000000ef100000)
  to   space 10752K, 0% used [0x00000000f2b00000,0x00000000f2b00000,0x00000000f3580000)
 ParOldGen       total 54272K, used 10956K [0x00000000c0000000, 0x00000000c3500000, 0x00000000eab00000)
  object space 54272K, 20% used [0x00000000c0000000,0x00000000c0ab32c8,0x00000000c3500000)
 Metaspace       used 29491K, capacity 29892K, committed 30080K, reserved 1075200K
  class space    used 4001K, capacity 4112K, committed 4224K, reserved 1048576K
Event: 11.621 GC heap after
Heap after GC invocations=7 (full 1):
 PSYoungGen      total 124928K, used 6921K [0x00000000eab00000, 0x00000000f3200000, 0x0000000100000000)
  eden space 117760K, 0% used [0x00000000eab00000,0x00000000eab00000,0x00000000f1e00000)
  from space 7168K, 96% used [0x00000000f2b00000,0x00000000f31c27b0,0x00000000f3200000)
  to   space 10240K, 0% used [0x00000000f1e00000,0x00000000f1e00000,0x00000000f2800000)
 ParOldGen       total 54272K, used 11028K [0x00000000c0000000, 0x00000000c3500000, 0x00000000eab00000)
  object space 54272K, 20% used [0x00000000c0000000,0x00000000c0ac52d8,0x00000000c3500000)
 Metaspace       used 29491K, capacity 29892K, committed 30080K, reserved 1075200K
  class space    used 4001K, capacity 4112K, committed 4224K, reserved 1048576K
}
Event: 14.546 GC heap before
{Heap before GC invocations=8 (full 1):
 PSYoungGen      total 124928K, used 105901K [0x00000000eab00000, 0x00000000f3200000, 0x0000000100000000)
  eden space 117760K, 84% used [0x00000000eab00000,0x00000000f0ba8e88,0x00000000f1e00000)
  from space 7168K, 96% used [0x00000000f2b00000,0x00000000f31c27b0,0x00000000f3200000)
  to   space 10240K, 0% used [0x00000000f1e00000,0x00000000f1e00000,0x00000000f2800000)
 ParOldGen       total 54272K, used 11028K [0x00000000c0000000, 0x00000000c3500000, 0x00000000eab00000)
  object space 54272K, 20% used [0x00000000c0000000,0x00000000c0ac52d8,0x00000000c3500000)
 Metaspace       used 34628K, capacity 35248K, committed 35456K, reserved 1079296K
  class space    used 4693K, capacity 4868K, committed 4992K, reserved 1048576K
Event: 14.561 GC heap after
Heap after GC invocations=8 (full 1):
 PSYoungGen      total 128000K, used 10214K [0x00000000eab00000, 0x00000000f8a80000, 0x0000000100000000)
  eden space 117760K, 0% used [0x00000000eab00000,0x00000000eab00000,0x00000000f1e00000)
  from space 10240K, 99% used [0x00000000f1e00000,0x00000000f27f9aa8,0x00000000f2800000)
  to   space 13312K, 0% used [0x00000000f7d80000,0x00000000f7d80000,0x00000000f8a80000)
 ParOldGen       total 54272K, used 14866K [0x00000000c0000000, 0x00000000c3500000, 0x00000000eab00000)
  object space 54272K, 27% used [0x00000000c0000000,0x00000000c0e84938,0x00000000c3500000)
 Metaspace       used 34628K, capacity 35248K, committed 35456K, reserved 1079296K
  class space    used 4693K, capacity 4868K, committed 4992K, reserved 1048576K
}
Event: 14.561 GC heap before
{Heap before GC invocations=9 (full 2):
 PSYoungGen      total 128000K, used 10214K [0x00000000eab00000, 0x00000000f8a80000, 0x0000000100000000)
  eden space 117760K, 0% used [0x00000000eab00000,0x00000000eab00000,0x00000000f1e00000)
  from space 10240K, 99% used [0x00000000f1e00000,0x00000000f27f9aa8,0x00000000f2800000)
  to   space 13312K, 0% used [0x00000000f7d80000,0x00000000f7d80000,0x00000000f8a80000)
 ParOldGen       total 54272K, used 14866K [0x00000000c0000000, 0x00000000c3500000, 0x00000000eab00000)
  object space 54272K, 27% used [0x00000000c0000000,0x00000000c0e84938,0x00000000c3500000)
 Metaspace       used 34628K, capacity 35248K, committed 35456K, reserved 1079296K
  class space    used 4693K, capacity 4868K, committed 4992K, reserved 1048576K
Event: 14.704 GC heap after
Heap after GC invocations=9 (full 2):
 PSYoungGen      total 128000K, used 0K [0x00000000eab00000, 0x00000000f8a80000, 0x0000000100000000)
  eden space 117760K, 0% used [0x00000000eab00000,0x00000000eab00000,0x00000000f1e00000)
  from space 10240K, 0% used [0x00000000f1e00000,0x00000000f1e00000,0x00000000f2800000)
  to   space 13312K, 0% used [0x00000000f7d80000,0x00000000f7d80000,0x00000000f8a80000)
 ParOldGen       total 79360K, used 21889K [0x00000000c0000000, 0x00000000c4d80000, 0x00000000eab00000)
  object space 79360K, 27% used [0x00000000c0000000,0x00000000c15606b8,0x00000000c4d80000)
 Metaspace       used 34628K, capacity 35248K, committed 35456K, reserved 1079296K
  class space    used 4693K, capacity 4868K, committed 4992K, reserved 1048576K
}

