# JRE version: Java(TM) SE Runtime Environment (8.0_74-b02) (build 1.8.0_74-b02)
# Java VM: Java HotSpot(TM) 64-Bit Server VM (25.74-b02 mixed mode windows-amd64 compressed oops)
Heap:
 PSYoungGen      total 293376K, used 152617K [0x00000000eab00000, 0x00000000fdd00000, 0x0000000100000000)
  eden space 273920K, 49% used [0x00000000eab00000,0x00000000f2f66040,0x00000000fb680000)
  from space 19456K, 87% used [0x00000000fb680000,0x00000000fc7245e0,0x00000000fc980000)
  to   space 18944K, 0% used [0x00000000fc980000,0x00000000fc980000,0x00000000fdc00000)
 ParOldGen       total 77824K, used 40104K [0x00000000c0000000, 0x00000000c4c00000, 0x00000000eab00000)
  object space 77824K, 51% used [0x00000000c0000000,0x00000000c272a378,0x00000000c4c00000)
 Metaspace       used 55540K, capacity 56848K, committed 57216K, reserved 1099776K
  class space    used 7371K, capacity 7731K, committed 7808K, reserved 1048576K
GC Heap History (10 events):
Event: 15.015 GC heap before
{Heap before GC invocations=10 (full 2):
 PSYoungGen      total 127488K, used 117248K [0x00000000eab00000, 0x00000000f8980000, 0x0000000100000000)
  eden space 117248K, 100% used [0x00000000eab00000,0x00000000f1d80000,0x00000000f1d80000)
  from space 10240K, 0% used [0x00000000f1d80000,0x00000000f1d80000,0x00000000f2780000)
  to   space 13312K, 0% used [0x00000000f7c80000,0x00000000f7c80000,0x00000000f8980000)
 ParOldGen       total 77824K, used 21965K [0x00000000c0000000, 0x00000000c4c00000, 0x00000000eab00000)
  object space 77824K, 28% used [0x00000000c0000000,0x00000000c1573568,0x00000000c4c00000)
 Metaspace       used 40993K, capacity 41704K, committed 41984K, reserved 1085440K
  class space    used 5636K, capacity 5811K, committed 5888K, reserved 1048576K
Event: 15.055 GC heap after
Heap after GC invocations=10 (full 2):
 PSYoungGen      total 210432K, used 12284K [0x00000000eab00000, 0x00000000f8880000, 0x0000000100000000)
  eden space 198144K, 0% used [0x00000000eab00000,0x00000000eab00000,0x00000000f6c80000)
  from space 12288K, 99% used [0x00000000f7c80000,0x00000000f887f110,0x00000000f8880000)
  to   space 14336K, 0% used [0x00000000f6c80000,0x00000000f6c80000,0x00000000f7a80000)
 ParOldGen       total 77824K, used 21973K [0x00000000c0000000, 0x00000000c4c00000, 0x00000000eab00000)
  object space 77824K, 28% used [0x00000000c0000000,0x00000000c1575568,0x00000000c4c00000)
 Metaspace       used 40993K, capacity 41704K, committed 41984K, reserved 1085440K
  class space    used 5636K, capacity 5811K, committed 5888K, reserved 1048576K
}
Event: 23.158 GC heap before
{Heap before GC invocations=11 (full 2):
 PSYoungGen      total 210432K, used 210428K [0x00000000eab00000, 0x00000000f8880000, 0x0000000100000000)
  eden space 198144K, 100% used [0x00000000eab00000,0x00000000f6c80000,0x00000000f6c80000)
  from space 12288K, 99% used [0x00000000f7c80000,0x00000000f887f110,0x00000000f8880000)
  to   space 14336K, 0% used [0x00000000f6c80000,0x00000000f6c80000,0x00000000f7a80000)
 ParOldGen       total 77824K, used 21973K [0x00000000c0000000, 0x00000000c4c00000, 0x00000000eab00000)
  object space 77824K, 28% used [0x00000000c0000000,0x00000000c1575568,0x00000000c4c00000)
 Metaspace       used 50405K, capacity 51390K, committed 51712K, reserved 1093632K
  class space    used 6837K, capacity 7131K, committed 7168K, reserved 1048576K
Event: 23.214 GC heap after
Heap after GC invocations=11 (full 2):
 PSYoungGen      total 212480K, used 14322K [0x00000000eab00000, 0x00000000fdc00000, 0x0000000100000000)
  eden space 198144K, 0% used [0x00000000eab00000,0x00000000eab00000,0x00000000f6c80000)
  from space 14336K, 99% used [0x00000000f6c80000,0x00000000f7a7cb20,0x00000000f7a80000)
  to   space 18944K, 0% used [0x00000000fc980000,0x00000000fc980000,0x00000000fdc00000)
 ParOldGen       total 77824K, used 28919K [0x00000000c0000000, 0x00000000c4c00000, 0x00000000eab00000)
  object space 77824K, 37% used [0x00000000c0000000,0x00000000c1c3dec8,0x00000000c4c00000)
 Metaspace       used 50405K, capacity 51390K, committed 51712K, reserved 1093632K
  class space    used 6837K, capacity 7131K, committed 7168K, reserved 1048576K
}
Event: 24.799 GC heap before
{Heap before GC invocations=12 (full 2):
 PSYoungGen      total 212480K, used 42340K [0x00000000eab00000, 0x00000000fdc00000, 0x0000000100000000)
  eden space 198144K, 14% used [0x00000000eab00000,0x00000000ec65c758,0x00000000f6c80000)
  from space 14336K, 99% used [0x00000000f6c80000,0x00000000f7a7cb20,0x00000000f7a80000)
  to   space 18944K, 0% used [0x00000000fc980000,0x00000000fc980000,0x00000000fdc00000)
 ParOldGen       total 77824K, used 28919K [0x00000000c0000000, 0x00000000c4c00000, 0x00000000eab00000)
  object space 77824K, 37% used [0x00000000c0000000,0x00000000c1c3dec8,0x00000000c4c00000)
 Metaspace       used 51217K, capacity 52254K, committed 52352K, reserved 1093632K
  class space    used 6956K, capacity 7291K, committed 7296K, reserved 1048576K
Event: 24.816 GC heap after
Heap after GC invocations=12 (full 2):
 PSYoungGen      total 292864K, used 13188K [0x00000000eab00000, 0x00000000fdd00000, 0x0000000100000000)
  eden space 273920K, 0% used [0x00000000eab00000,0x00000000eab00000,0x00000000fb680000)
  from space 18944K, 69% used [0x00000000fc980000,0x00000000fd661058,0x00000000fdc00000)
  to   space 19456K, 0% used [0x00000000fb680000,0x00000000fb680000,0x00000000fc980000)
 ParOldGen       total 77824K, used 34762K [0x00000000c0000000, 0x00000000c4c00000, 0x00000000eab00000)
  object space 77824K, 44% used [0x00000000c0000000,0x00000000c21f2a70,0x00000000c4c00000)
 Metaspace       used 51217K, capacity 52254K, committed 52352K, reserved 1093632K
  class space    used 6956K, capacity 7291K, committed 7296K, reserved 1048576K
}
Event: 24.816 GC heap before
{Heap before GC invocations=13 (full 3):
 PSYoungGen      total 292864K, used 13188K [0x00000000eab00000, 0x00000000fdd00000, 0x0000000100000000)
  eden space 273920K, 0% used [0x00000000eab00000,0x00000000eab00000,0x00000000fb680000)
  from space 18944K, 69% used [0x00000000fc980000,0x00000000fd661058,0x00000000fdc00000)
  to   space 19456K, 0% used [0x00000000fb680000,0x00000000fb680000,0x00000000fc980000)
 ParOldGen       total 77824K, used 34762K [0x00000000c0000000, 0x00000000c4c00000, 0x00000000eab00000)
  object space 77824K, 44% used [0x00000000c0000000,0x00000000c21f2a70,0x00000000c4c00000)
 Metaspace       used 51217K, capacity 52254K, committed 52352K, reserved 1093632K
  class space    used 6956K, capacity 7291K, committed 7296K, reserved 1048576K
Event: 25.063 GC heap after
Heap after GC invocations=13 (full 3):
 PSYoungGen      total 292864K, used 0K [0x00000000eab00000, 0x00000000fdd00000, 0x0000000100000000)
  eden space 273920K, 0% used [0x00000000eab00000,0x00000000eab00000,0x00000000fb680000)
  from space 18944K, 0% used [0x00000000fc980000,0x00000000fc980000,0x00000000fdc00000)
  to   space 19456K, 0% used [0x00000000fb680000,0x00000000fb680000,0x00000000fc980000)
 ParOldGen       total 77824K, used 40096K [0x00000000c0000000, 0x00000000c4c00000, 0x00000000eab00000)
  object space 77824K, 51% used [0x00000000c0000000,0x00000000c2728378,0x00000000c4c00000)
 Metaspace       used 51145K, capacity 52146K, committed 52352K, reserved 1093632K
  class space    used 6945K, capacity 7251K, committed 7296K, reserved 1048576K
}
Event: 76.720 GC heap before
{Heap before GC invocations=14 (full 3):
 PSYoungGen      total 292864K, used 273920K [0x00000000eab00000, 0x00000000fdd00000, 0x0000000100000000)
  eden space 273920K, 100% used [0x00000000eab00000,0x00000000fb680000,0x00000000fb680000)
  from space 18944K, 0% used [0x00000000fc980000,0x00000000fc980000,0x00000000fdc00000)
  to   space 19456K, 0% used [0x00000000fb680000,0x00000000fb680000,0x00000000fc980000)
 ParOldGen       total 77824K, used 40096K [0x00000000c0000000, 0x00000000c4c00000, 0x00000000eab00000)
  object space 77824K, 51% used [0x00000000c0000000,0x00000000c2728378,0x00000000c4c00000)
 Metaspace       used 54157K, capacity 55402K, committed 55552K, reserved 1097728K
  class space    used 7228K, capacity 7570K, committed 7680K, reserved 1048576K
Event: 76.753 GC heap after
Heap after GC invocations=14 (full 3):
 PSYoungGen      total 293376K, used 17041K [0x00000000eab00000, 0x00000000fdd00000, 0x0000000100000000)
  eden space 273920K, 0% used [0x00000000eab00000,0x00000000eab00000,0x00000000fb680000)
  from space 19456K, 87% used [0x00000000fb680000,0x00000000fc7245e0,0x00000000fc980000)
  to   space 18944K, 0% used [0x00000000fc980000,0x00000000fc980000,0x00000000fdc00000)
 ParOldGen       total 77824K, used 40104K [0x00000000c0000000, 0x00000000c4c00000, 0x00000000eab00000)
  object space 77824K, 51% used [0x00000000c0000000,0x00000000c272a378,0x00000000c4c00000)
 Metaspace       used 54157K, capacity 55402K, committed 55552K, reserved 1097728K
  class space    used 7228K, capacity 7570K, committed 7680K, reserved 1048576K
}

